This is pdfTeX, Version 3.14159265-2.6-1.40.21 (TeX Live 2020) (preloaded format=pdflatex 2020.4.17)  24 APR 2020 12:37
entering extended mode
 restricted \write18 enabled.
 %&-line parsing enabled.
**main.tex
(./main.tex
LaTeX2e <2020-02-02> patch level 5
L3 programming layer <2020-03-06>
(/usr/local/texlive/2020/texmf-dist/tex/latex/base/report.cls
Document Class: report 2019/12/20 v1.4l Standard LaTeX document class
(/usr/local/texlive/2020/texmf-dist/tex/latex/base/size12.clo
File: size12.clo 2019/12/20 v1.4l Standard LaTeX file (size option)
)
\c@part=\count167
\c@chapter=\count168
\c@section=\count169
\c@subsection=\count170
\c@subsubsection=\count171
\c@paragraph=\count172
\c@subparagraph=\count173
\c@figure=\count174
\c@table=\count175
\abovecaptionskip=\skip47
\belowcaptionskip=\skip48
\bibindent=\dimen134
)
(/usr/local/texlive/2020/texmf-dist/tex/latex/base/inputenc.sty
Package: inputenc 2018/08/11 v1.3c Input encoding file
\inpenc@prehook=\toks15
\inpenc@posthook=\toks16
)
(/usr/local/texlive/2020/texmf-dist/tex/latex/geometry/geometry.sty
Package: geometry 2020/01/02 v5.9 Page Geometry

(/usr/local/texlive/2020/texmf-dist/tex/latex/graphics/keyval.sty
Package: keyval 2014/10/28 v1.15 key=value parser (DPC)
\KV@toks@=\toks17
)
(/usr/local/texlive/2020/texmf-dist/tex/generic/iftex/ifvtex.sty
Package: ifvtex 2019/10/25 v1.7 ifvtex legacy package. Use iftex instead.

(/usr/local/texlive/2020/texmf-dist/tex/generic/iftex/iftex.sty
Package: iftex 2020/03/06 v1.0d TeX engine tests
))
\Gm@cnth=\count176
\Gm@cntv=\count177
\c@Gm@tempcnt=\count178
\Gm@bindingoffset=\dimen135
\Gm@wd@mp=\dimen136
\Gm@odd@mp=\dimen137
\Gm@even@mp=\dimen138
\Gm@layoutwidth=\dimen139
\Gm@layoutheight=\dimen140
\Gm@layouthoffset=\dimen141
\Gm@layoutvoffset=\dimen142
\Gm@dimlist=\toks18
)
(/usr/local/texlive/2020/texmf-dist/tex/latex/comment/comment.sty
\CommentStream=\write3

Excluding comment 'comment')
(/usr/local/texlive/2020/texmf-dist/tex/latex/fancyhdr/fancyhdr.sty
Package: fancyhdr 2019/01/31 v3.10 Extensive control of page headers and footer
s
\f@nch@headwidth=\skip49
\f@nch@O@elh=\skip50
\f@nch@O@erh=\skip51
\f@nch@O@olh=\skip52
\f@nch@O@orh=\skip53
\f@nch@O@elf=\skip54
\f@nch@O@erf=\skip55
\f@nch@O@olf=\skip56
\f@nch@O@orf=\skip57
)
(/usr/local/texlive/2020/texmf-dist/tex/latex/subfiles/subfiles.sty
Package: subfiles 2020/02/14 v1.6 Multi-file projects (package)

(/usr/local/texlive/2020/texmf-dist/tex/latex/import/import.sty
Package: import 2020/01/22  v 6.0
))
(/usr/local/texlive/2020/texmf-dist/tex/latex/graphics/graphicx.sty
Package: graphicx 2019/11/30 v1.2a Enhanced LaTeX Graphics (DPC,SPQR)

(/usr/local/texlive/2020/texmf-dist/tex/latex/graphics/graphics.sty
Package: graphics 2019/11/30 v1.4a Standard LaTeX Graphics (DPC,SPQR)

(/usr/local/texlive/2020/texmf-dist/tex/latex/graphics/trig.sty
Package: trig 2016/01/03 v1.10 sin cos tan (DPC)
)
(/usr/local/texlive/2020/texmf-dist/tex/latex/graphics-cfg/graphics.cfg
File: graphics.cfg 2016/06/04 v1.11 sample graphics configuration
)
Package graphics Info: Driver file: pdftex.def on input line 105.

(/usr/local/texlive/2020/texmf-dist/tex/latex/graphics-def/pdftex.def
File: pdftex.def 2018/01/08 v1.0l Graphics/color driver for pdftex
))
\Gin@req@height=\dimen143
\Gin@req@width=\dimen144
)
(/usr/local/texlive/2020/texmf-dist/tex/latex/amsmath/amsmath.sty
Package: amsmath 2020/01/20 v2.17e AMS math features
\@mathmargin=\skip58

For additional information on amsmath, use the `?' option.
(/usr/local/texlive/2020/texmf-dist/tex/latex/amsmath/amstext.sty
Package: amstext 2000/06/29 v2.01 AMS text

(/usr/local/texlive/2020/texmf-dist/tex/latex/amsmath/amsgen.sty
File: amsgen.sty 1999/11/30 v2.0 generic functions
\@emptytoks=\toks19
\ex@=\dimen145
))
(/usr/local/texlive/2020/texmf-dist/tex/latex/amsmath/amsbsy.sty
Package: amsbsy 1999/11/29 v1.2d Bold Symbols
\pmbraise@=\dimen146
)
(/usr/local/texlive/2020/texmf-dist/tex/latex/amsmath/amsopn.sty
Package: amsopn 2016/03/08 v2.02 operator names
)
\inf@bad=\count179
LaTeX Info: Redefining \frac on input line 227.
\uproot@=\count180
\leftroot@=\count181
LaTeX Info: Redefining \overline on input line 389.
\classnum@=\count182
\DOTSCASE@=\count183
LaTeX Info: Redefining \ldots on input line 486.
LaTeX Info: Redefining \dots on input line 489.
LaTeX Info: Redefining \cdots on input line 610.
\Mathstrutbox@=\box45
\strutbox@=\box46
\big@size=\dimen147
LaTeX Font Info:    Redeclaring font encoding OML on input line 733.
LaTeX Font Info:    Redeclaring font encoding OMS on input line 734.
\macc@depth=\count184
\c@MaxMatrixCols=\count185
\dotsspace@=\muskip16
\c@parentequation=\count186
\dspbrk@lvl=\count187
\tag@help=\toks20
\row@=\count188
\column@=\count189
\maxfields@=\count190
\andhelp@=\toks21
\eqnshift@=\dimen148
\alignsep@=\dimen149
\tagshift@=\dimen150
\tagwidth@=\dimen151
\totwidth@=\dimen152
\lineht@=\dimen153
\@envbody=\toks22
\multlinegap=\skip59
\multlinetaggap=\skip60
\mathdisplay@stack=\toks23
LaTeX Info: Redefining \[ on input line 2859.
LaTeX Info: Redefining \] on input line 2860.
)
(/usr/local/texlive/2020/texmf-dist/tex/latex/lastpage/lastpage.sty
Package: lastpage 2015/03/29 v1.2m Refers to last page's name (HMM; JPG)
)
(/usr/local/texlive/2020/texmf-dist/tex/latex/natbib/natbib.sty
Package: natbib 2010/09/13 8.31b (PWD, AO)
\bibhang=\skip61
\bibsep=\skip62
LaTeX Info: Redefining \cite on input line 694.
\c@NAT@ctr=\count191
)
(/usr/local/texlive/2020/texmf-dist/tex/latex/tocbibind/tocbibind.sty
Package: tocbibind 2010/10/13 v1.5k extra ToC listings
Package tocbibind Info: The document has chapter divisions on input line 50.


Package tocbibind Note: Using chapter style headings, unless overridden.

) (/usr/local/texlive/2020/texmf-dist/tex/latex/booktabs/booktabs.sty
Package: booktabs 2020/01/12 v1.61803398 Publication quality tables
\heavyrulewidth=\dimen154
\lightrulewidth=\dimen155
\cmidrulewidth=\dimen156
\belowrulesep=\dimen157
\belowbottomsep=\dimen158
\aboverulesep=\dimen159
\abovetopsep=\dimen160
\cmidrulesep=\dimen161
\cmidrulekern=\dimen162
\defaultaddspace=\dimen163
\@cmidla=\count192
\@cmidlb=\count193
\@aboverulesep=\dimen164
\@belowrulesep=\dimen165
\@thisruleclass=\count194
\@lastruleclass=\count195
\@thisrulewidth=\dimen166
)
(/usr/local/texlive/2020/texmf-dist/tex/latex/caption/caption.sty
Package: caption 2020/01/03 v3.4h Customizing captions (AR)

(/usr/local/texlive/2020/texmf-dist/tex/latex/caption/caption3.sty
Package: caption3 2020/01/03 v1.8h caption3 kernel (AR)
Package caption3 Info: TeX engine: e-TeX on input line 61.
\captionmargin=\dimen167
\captionmargin@=\dimen168
\captionwidth=\dimen169
\caption@tempdima=\dimen170
\caption@indent=\dimen171
\caption@parindent=\dimen172
\caption@hangindent=\dimen173
Package caption Info: Standard document class detected.
)
\c@caption@flags=\count196
\c@continuedfloat=\count197
)
(/usr/local/texlive/2020/texmf-dist/tex/latex/easylist/easylist.sty
Package: easylist 2014/01/11 v.1.4 Numbered items with a single command.
\el@CounterTotal=\count198
\el@Scratch=\count199
\el@ControlCounter=\count266
\el@CounterLevel=\count267
\c@List1=\count268
\c@List2=\count269
\c@List3=\count270
\c@List4=\count271
\c@List5=\count272
\c@List6=\count273
\c@List7=\count274
\c@List8=\count275
\c@List9=\count276
\c@List10=\count277
\el@ProgressiveDimension=\dimen174
\el@CounterBox=\box47
\el@ControlBox=\box48
\el@TotalMargin=\dimen175
\el@LeftMove=\dimen176
)
(/usr/local/texlive/2020/texmf-dist/tex/latex/siunitx/siunitx.sty
(/usr/local/texlive/2020/texmf-dist/tex/latex/l3kernel/expl3.sty
Package: expl3 2020-03-06 L3 programming layer (loader) 

(/usr/local/texlive/2020/texmf-dist/tex/latex/l3backend/l3backend-pdfmode.def
File: l3backend-pdfmode.def 2020-03-12 L3 backend support: PDF mode
\l__kernel_color_stack_int=\count278
\l__pdf_internal_box=\box49
)) (/usr/local/texlive/2020/texmf-dist/tex/latex/l3packages/xparse/xparse.sty
Package: xparse 2020-03-06 L3 Experimental document command parser
\l__xparse_current_arg_int=\count279
\g__xparse_grabber_int=\count280
\l__xparse_m_args_int=\count281
\l__xparse_v_nesting_int=\count282
)
Package: siunitx 2020/02/25 v2.8b A comprehensive (SI) units package

(/usr/local/texlive/2020/texmf-dist/tex/latex/tools/array.sty
Package: array 2019/08/31 v2.4l Tabular extension package (FMi)
\col@sep=\dimen177
\ar@mcellbox=\box50
\extrarowheight=\dimen178
\NC@list=\toks24
\extratabsurround=\skip63
\backup@length=\skip64
\ar@cellbox=\box51
)
(/usr/local/texlive/2020/texmf-dist/tex/latex/l3packages/l3keys2e/l3keys2e.sty
Package: l3keys2e 2020-03-06 LaTeX2e option processing using LaTeX3 keys
)
\l__siunitx_tmp_box=\box52
\l__siunitx_tmp_dim=\dimen179
\l__siunitx_tmp_int=\count283
\l__siunitx_number_mantissa_length_int=\count284
\l__siunitx_number_uncert_length_int=\count285
\l__siunitx_round_int=\count286
\l__siunitx_process_decimal_int=\count287
\l__siunitx_process_uncertainty_int=\count288
\l__siunitx_process_fixed_int=\count289
\l__siunitx_process_integer_min_int=\count290
\l__siunitx_process_precision_int=\count291
\l__siunitx_group_min_int=\count292
\l__siunitx_angle_marker_box=\box53
\l__siunitx_angle_unit_box=\box54
\l__siunitx_angle_marker_dim=\dimen180
\l__siunitx_angle_unit_dim=\dimen181
\l__siunitx_unit_int=\count293
\l__siunitx_unit_denominator_int=\count294
\l__siunitx_unit_numerator_int=\count295
\l__siunitx_unit_prefix_int=\count296
\l__siunitx_unit_prefix_base_int=\count297
\l__siunitx_unit_prefix_gram_int=\count298
\l__siunitx_number_product_int=\count299
\c__siunitx_one_fill_skip=\skip65
\l__siunitx_table_unit_align_skip=\skip66
\l__siunitx_table_exponent_dim=\dimen182
\l__siunitx_table_integer_dim=\dimen183
\l__siunitx_table_mantissa_dim=\dimen184
\l__siunitx_table_marker_dim=\dimen185
\l__siunitx_table_result_dim=\dimen186
\l__siunitx_table_uncert_dim=\dimen187
\l__siunitx_table_fill_pre_dim=\dimen188
\l__siunitx_table_fill_post_dim=\dimen189
\l__siunitx_table_fill_mid_dim=\dimen190
\l__siunitx_table_pre_box=\box55
\l__siunitx_table_post_box=\box56
\l__siunitx_table_mantissa_box=\box57
\l__siunitx_table_result_box=\box58
\l__siunitx_table_number_align_skip=\skip67
\l__siunitx_table_text_align_skip=\skip68
(/usr/local/texlive/2020/texmf-dist/tex/latex/translator/translator.sty
Package: translator 2019-05-31 v1.12a Easy translation of strings in LaTeX
))
(/usr/local/texlive/2020/texmf-dist/tex/latex/listings/listings.sty
\lst@mode=\count300
\lst@gtempboxa=\box59
\lst@token=\toks25
\lst@length=\count301
\lst@currlwidth=\dimen191
\lst@column=\count302
\lst@pos=\count303
\lst@lostspace=\dimen192
\lst@width=\dimen193
\lst@newlines=\count304
\lst@lineno=\count305
\lst@maxwidth=\dimen194

(/usr/local/texlive/2020/texmf-dist/tex/latex/listings/lstmisc.sty
File: lstmisc.sty 2020/03/24 1.8d (Carsten Heinz)
\c@lstnumber=\count306
\lst@skipnumbers=\count307
\lst@framebox=\box60
)
(/usr/local/texlive/2020/texmf-dist/tex/latex/listings/listings.cfg
File: listings.cfg 2020/03/24 1.8d listings configuration
))
Package: listings 2020/03/24 1.8d (Carsten Heinz)

(/usr/local/texlive/2020/texmf-dist/tex/latex/tools/longtable.sty
Package: longtable 2020/01/07 v4.13 Multi-page Table package (DPC)
\LTleft=\skip69
\LTright=\skip70
\LTpre=\skip71
\LTpost=\skip72
\LTchunksize=\count308
\LTcapwidth=\dimen195
\LT@head=\box61
\LT@firsthead=\box62
\LT@foot=\box63
\LT@lastfoot=\box64
\LT@cols=\count309
\LT@rows=\count310
\c@LT@tables=\count311
\c@LT@chunks=\count312
\LT@p@ftn=\toks26
)
(/usr/local/texlive/2020/texmf-dist/tex/latex/caption/subcaption.sty
Package: subcaption 2020/01/22 v1.3d Sub-captions (AR)
\c@subfigure=\count313
\c@subtable=\count314
)
(/usr/local/texlive/2020/texmf-dist/tex/latex/titlesec/titlesec.sty
Package: titlesec 2019/10/16 v2.13 Sectioning titles
\ttl@box=\box65
\beforetitleunit=\skip73
\aftertitleunit=\skip74
\ttl@plus=\dimen196
\ttl@minus=\dimen197
\ttl@toksa=\toks27
\titlewidth=\dimen198
\titlewidthlast=\dimen199
\titlewidthfirst=\dimen256
)
Excluding 'comment' comment. (./main.aux)
\openout1 = `main.aux'.

LaTeX Font Info:    Checking defaults for OML/cmm/m/it on input line 57.
LaTeX Font Info:    ... okay on input line 57.
LaTeX Font Info:    Checking defaults for OMS/cmsy/m/n on input line 57.
LaTeX Font Info:    ... okay on input line 57.
LaTeX Font Info:    Checking defaults for OT1/cmr/m/n on input line 57.
LaTeX Font Info:    ... okay on input line 57.
LaTeX Font Info:    Checking defaults for T1/cmr/m/n on input line 57.
LaTeX Font Info:    ... okay on input line 57.
LaTeX Font Info:    Checking defaults for TS1/cmr/m/n on input line 57.
LaTeX Font Info:    ... okay on input line 57.
LaTeX Font Info:    Checking defaults for OMX/cmex/m/n on input line 57.
LaTeX Font Info:    ... okay on input line 57.
LaTeX Font Info:    Checking defaults for U/cmr/m/n on input line 57.
LaTeX Font Info:    ... okay on input line 57.

*geometry* driver: auto-detecting
*geometry* detected driver: pdftex
*geometry* verbose mode - [ preamble ] result:
* driver: pdftex
* paper: a4paper
* layout: <same size as paper>
* layoutoffset:(h,v)=(0.0pt,0.0pt)
* modes: 
* h-part:(L,W,R)=(85.35826pt, 426.79134pt, 85.35828pt)
* v-part:(T,H,B)=(71.13188pt, 702.78308pt, 71.13188pt)
* \paperwidth=597.50787pt
* \paperheight=845.04684pt
* \textwidth=426.79134pt
* \textheight=702.78308pt
* \oddsidemargin=13.08827pt
* \evensidemargin=13.08827pt
* \topmargin=-38.1381pt
* \headheight=12.0pt
* \headsep=25.0pt
* \topskip=12.0pt
* \footskip=30.0pt
* \marginparwidth=44.0pt
* \marginparsep=10.0pt
* \columnsep=10.0pt
* \skip\footins=10.8pt plus 4.0pt minus 2.0pt
* \hoffset=0.0pt
* \voffset=0.0pt
* \mag=1000
* \@twocolumnfalse
* \@twosidefalse
* \@mparswitchfalse
* \@reversemarginfalse
* (1in=72.27pt=25.4mm, 1cm=28.453pt)

(/usr/local/texlive/2020/texmf-dist/tex/context/base/mkii/supp-pdf.mkii
[Loading MPS to PDF converter (version 2006.09.02).]
\scratchcounter=\count315
\scratchdimen=\dimen257
\scratchbox=\box66
\nofMPsegments=\count316
\nofMParguments=\count317
\everyMPshowfont=\toks28
\MPscratchCnt=\count318
\MPscratchDim=\dimen258
\MPnumerator=\count319
\makeMPintoPDFobject=\count320
\everyMPtoPDFconversion=\toks29
) (/usr/local/texlive/2020/texmf-dist/tex/latex/epstopdf-pkg/epstopdf-base.sty
Package: epstopdf-base 2020-01-24 v2.11 Base part for package epstopdf
Package epstopdf-base Info: Redefining graphics rule for `.eps' on input line 4
85.

(/usr/local/texlive/2020/texmf-dist/tex/latex/latexconfig/epstopdf-sys.cfg
File: epstopdf-sys.cfg 2010/07/13 v1.3 Configuration of (r)epstopdf for TeX Liv
e
))
Package lastpage Info: Please have a look at the pageslts package at
(lastpage)             https://www.ctan.org/pkg/pageslts
(lastpage)             ! on input line 57.
Package caption Info: Begin \AtBeginDocument code.
Package caption Info: listings package is loaded.
Package caption Info: longtable package is loaded.

(/usr/local/texlive/2020/texmf-dist/tex/latex/caption/ltcaption.sty
Package: ltcaption 2018/08/26 v1.4a longtable captions (AR)
)
Package caption Info: End \AtBeginDocument code.

(/usr/local/texlive/2020/texmf-dist/tex/latex/translator/translator-basic-dicti
onary-English.dict
Dictionary: translator-basic-dictionary, Language: English 
)
(/usr/local/texlive/2020/texmf-dist/tex/latex/siunitx/siunitx-abbreviations.cfg
File: siunitx-abbreviations.cfg 2017/11/26 v2.7k siunitx: Abbreviated units
)
\c@lstlisting=\count321
 (./sections/title-eng.tex [1

{/usr/local/texlive/2020/texmf-var/fonts/map/pdftex/updmap/pdftex.map}]) (./sec
tions/title-est.tex [1])
(./sections/declaration.tex [1]) (./main.toc [1

])
\tf@toc=\write4
\openout4 = `main.toc'.



Package Fancyhdr Warning: \headheight is too small (12.0pt): 
Make it at least 14.49998pt.
We now make it that large for the rest of the document.
This may cause the page layout to be inconsistent, however.

[2] (./main.lof)
\tf@lof=\write5
\openout5 = `main.lof'.

 [3

] (./main.lot)
\tf@lot=\write6
\openout6 = `main.lot'.

 [4

]
Chapter 1.
(./sections/introduction.tex Excluding 'comment' comment.)
(./sections/human-activity-recognition.tex Excluding 'comment' comment.
[5

]) (./sections/problem-statement.tex Excluding 'comment' comment.)
(./sections/related-work.tex) [6

]
Chapter 2.
(./sections/implementation.tex Excluding 'comment' comment.
Excluding 'comment' comment. Excluding 'comment' comment.) [7

]
Chapter 3.
(./sections/data-acquisition.tex Excluding 'comment' comment. [8

]
<images/data-acquisition/example-backflip-part-1.png, id=40, 501.875pt x 501.87
5pt>
File: images/data-acquisition/example-backflip-part-1.png Graphic file (type pn
g)
<use images/data-acquisition/example-backflip-part-1.png>
Package pdftex.def Info: images/data-acquisition/example-backflip-part-1.png  u
sed on input line 35.
(pdftex.def)             Requested size: 142.26378pt x 142.26239pt.
<images/data-acquisition/example-backflip-part-2.png, id=42, 501.875pt x 501.87
5pt>
File: images/data-acquisition/example-backflip-part-2.png Graphic file (type pn
g)
<use images/data-acquisition/example-backflip-part-2.png>
Package pdftex.def Info: images/data-acquisition/example-backflip-part-2.png  u
sed on input line 36.
(pdftex.def)             Requested size: 142.26378pt x 142.26239pt.
<images/data-acquisition/example-backflip-part-3.png, id=43, 501.875pt x 501.87
5pt>
File: images/data-acquisition/example-backflip-part-3.png Graphic file (type pn
g)
<use images/data-acquisition/example-backflip-part-3.png>
Package pdftex.def Info: images/data-acquisition/example-backflip-part-3.png  u
sed on input line 37.
(pdftex.def)             Requested size: 142.26378pt x 142.26239pt.
<images/data-acquisition/example-backflip-part-4.png, id=44, 501.875pt x 501.87
5pt>
File: images/data-acquisition/example-backflip-part-4.png Graphic file (type pn
g)
<use images/data-acquisition/example-backflip-part-4.png>
Package pdftex.def Info: images/data-acquisition/example-backflip-part-4.png  u
sed on input line 38.
(pdftex.def)             Requested size: 142.26378pt x 142.26239pt.
<images/data-acquisition/example-backflip-part-5.png, id=45, 501.875pt x 501.87
5pt>
File: images/data-acquisition/example-backflip-part-5.png Graphic file (type pn
g)
<use images/data-acquisition/example-backflip-part-5.png>
Package pdftex.def Info: images/data-acquisition/example-backflip-part-5.png  u
sed on input line 39.
(pdftex.def)             Requested size: 142.26378pt x 142.26239pt.
<images/data-acquisition/example-backflip-part-6.png, id=46, 501.875pt x 501.87
5pt>
File: images/data-acquisition/example-backflip-part-6.png Graphic file (type pn
g)
<use images/data-acquisition/example-backflip-part-6.png>
Package pdftex.def Info: images/data-acquisition/example-backflip-part-6.png  u
sed on input line 40.
(pdftex.def)             Requested size: 142.26378pt x 142.26239pt.

Overfull \hbox (36.00005pt too wide) in paragraph at lines 34--42
 [][] 
 []

<images/data-acquisition/example-flack-part-1.png, id=47, 501.875pt x 501.875pt
>
File: images/data-acquisition/example-flack-part-1.png Graphic file (type png)
<use images/data-acquisition/example-flack-part-1.png>
Package pdftex.def Info: images/data-acquisition/example-flack-part-1.png  used
 on input line 49.
(pdftex.def)             Requested size: 142.26378pt x 142.26239pt.
<images/data-acquisition/example-flack-part-2.png, id=48, 501.875pt x 501.875pt
>
File: images/data-acquisition/example-flack-part-2.png Graphic file (type png)
<use images/data-acquisition/example-flack-part-2.png>
Package pdftex.def Info: images/data-acquisition/example-flack-part-2.png  used
 on input line 50.
(pdftex.def)             Requested size: 142.26378pt x 142.26239pt.
<images/data-acquisition/example-flack-part-3.png, id=49, 501.875pt x 501.875pt
>
File: images/data-acquisition/example-flack-part-3.png Graphic file (type png)
<use images/data-acquisition/example-flack-part-3.png>
Package pdftex.def Info: images/data-acquisition/example-flack-part-3.png  used
 on input line 51.
(pdftex.def)             Requested size: 142.26378pt x 142.26239pt.
<images/data-acquisition/example-flack-part-4.png, id=50, 501.875pt x 501.875pt
>
File: images/data-acquisition/example-flack-part-4.png Graphic file (type png)
<use images/data-acquisition/example-flack-part-4.png>
Package pdftex.def Info: images/data-acquisition/example-flack-part-4.png  used
 on input line 52.
(pdftex.def)             Requested size: 142.26378pt x 142.26239pt.
<images/data-acquisition/example-flack-part-5.png, id=51, 501.875pt x 501.875pt
>
File: images/data-acquisition/example-flack-part-5.png Graphic file (type png)
<use images/data-acquisition/example-flack-part-5.png>
Package pdftex.def Info: images/data-acquisition/example-flack-part-5.png  used
 on input line 53.
(pdftex.def)             Requested size: 142.26378pt x 142.26239pt.
<images/data-acquisition/example-flack-part-6.png, id=52, 501.875pt x 501.875pt
>
File: images/data-acquisition/example-flack-part-6.png Graphic file (type png)
<use images/data-acquisition/example-flack-part-6.png>
Package pdftex.def Info: images/data-acquisition/example-flack-part-6.png  used
 on input line 54.
(pdftex.def)             Requested size: 142.26378pt x 142.26239pt.

Overfull \hbox (36.00005pt too wide) in paragraph at lines 48--56
 [][] 
 []

[9

] [10 <./images/data-acquisition/example-backflip-part-1.png> <./images/data-ac
quisition/example-backflip-part-2.png> <./images/data-acquisition/example-backf
lip-part-3.png> <./images/data-acquisition/example-backflip-part-4.png> <./imag
es/data-acquisition/example-backflip-part-5.png> <./images/data-acquisition/exa
mple-backflip-part-6.png> <./images/data-acquisition/example-flack-part-1.png> 
<./images/data-acquisition/example-flack-part-2.png> <./images/data-acquisition
/example-flack-part-3.png> <./images/data-acquisition/example-flack-part-4.png>
 <./images/data-acquisition/example-flack-part-5.png> <./images/data-acquisitio
n/example-flack-part-6.png>]
<images/data-acquisition/example-backflip-marker-start.png, id=73, 501.875pt x 
501.875pt>
File: images/data-acquisition/example-backflip-marker-start.png Graphic file (t
ype png)
<use images/data-acquisition/example-backflip-marker-start.png>
Package pdftex.def Info: images/data-acquisition/example-backflip-marker-start.
png  used on input line 74.
(pdftex.def)             Requested size: 142.26378pt x 142.26239pt.
<images/data-acquisition/example-backflip-marker-end.png, id=74, 501.875pt x 50
1.875pt>
File: images/data-acquisition/example-backflip-marker-end.png Graphic file (typ
e png)
<use images/data-acquisition/example-backflip-marker-end.png>
Package pdftex.def Info: images/data-acquisition/example-backflip-marker-end.pn
g  used on input line 75.
(pdftex.def)             Requested size: 142.26378pt x 142.26239pt.
 [11 <./images/data-acquisition/example-backflip-marker-start.png> <./images/da
ta-acquisition/example-backflip-marker-end.png>]
[12]
Overfull \hbox (14.12248pt too wide) in paragraph at lines 105--105
|[]\OT1/cmr/bx/n/17.28 Estimating and Col-lect-ing Hu-man Ac-tion Poses| 
 []

) [13

]
Chapter 4.
(./sections/data-preprocessing.tex Excluding 'comment' comment.) [14

]
(./main.bbl [15

]

Package natbib Warning: Empty `thebibliography' environment on input line 8.

) 
AED: lastpage setting LastPage
[16

]

Package caption Warning: Unused \captionsetup[table] on input line 27.
See the caption package documentation for explanation.

(./main.aux) ) 
Here is how much of TeX's memory you used:
 9298 strings out of 480608
 176401 string characters out of 5903630
 414694 words of memory out of 5000000
 25029 multiletter control sequences out of 15000+600000
 540680 words of font info for 53 fonts, out of 8000000 for 9000
 1144 hyphenation exceptions out of 8191
 41i,11n,49p,1470b,606s stack positions out of 5000i,500n,10000p,200000b,80000s
{/usr/local/texlive/2020/texmf-dist/fonts/enc/dvips/cm-super/cm-s
uper-ts1.enc}</usr/local/texlive/2020/texmf-dist/fonts/type1/public/amsfonts/cm
/cmbx12.pfb></usr/local/texlive/2020/texmf-dist/fonts/type1/public/amsfonts/cm/
cmr12.pfb></usr/local/texlive/2020/texmf-dist/fonts/type1/public/amsfonts/cm/cm
sl12.pfb></usr/local/texlive/2020/texmf-dist/fonts/type1/public/amsfonts/cm/cmt
i12.pfb></usr/local/texlive/2020/texmf-dist/fonts/type1/public/cm-super/sfrm120
0.pfb>
Output written on main.pdf (19 pages, 18734636 bytes).
PDF statistics:
 116 PDF objects out of 1000 (max. 8388607)
 61 compressed objects within 1 object stream
 0 named destinations out of 1000 (max. 500000)
 71 words of extra memory for PDF output out of 10000 (max. 10000000)

